<?xml version="1.0" encoding="UTF-8"?>
<!-- Generated by org.testng.reporters.JUnitReportReporter -->
<testsuite hostname="GURU" failures="0" tests="1" name="testScript.SubEscrowFetchTest" time="2354.723" errors="0" timestamp="2024-05-17T17:46:50 IST" skipped="0">
  <testcase classname="testScript.SubEscrowFetchTest" name="fetchSubEscrow" time="2354.723"/>
  <system-out/>
</testsuite> <!-- testScript.SubEscrowFetchTest -->
