<?xml version="1.0" encoding="UTF-8"?>
<!-- Generated by org.testng.reporters.JUnitReportReporter -->
<testsuite hostname="GURU" failures="0" tests="6" name="testScript.CreditTransactionTest" time="336.394" errors="0" timestamp="2023-11-16T10:42:21 IST" skipped="0">
  <testcase classname="testScript.CreditTransactionTest" name="creditTransactionRecent" time="31.105"/>
  <system-out/>
  <testcase classname="testScript.CreditTransactionTest" name="creditTransactionToday" time="12.393"/>
  <system-out/>
  <testcase classname="testScript.CreditTransactionTest" name="creditTransactionYesterday" time="21.499"/>
  <system-out/>
  <testcase classname="testScript.CreditTransactionTest" name="creditTransactionLast7Days" time="28.654"/>
  <system-out/>
  <testcase classname="testScript.CreditTransactionTest" name="creditTransactionLast30Days" time="86.791"/>
  <system-out/>
  <testcase classname="testScript.CreditTransactionTest" name="creditTransactionCustom" time="155.952"/>
  <system-out/>
</testsuite> <!-- testScript.CreditTransactionTest -->
