<?xml version="1.0" encoding="UTF-8"?>
<!-- Generated by org.testng.reporters.JUnitReportReporter -->
<testsuite hostname="GURU" failures="0" tests="6" name="testScript.AllTransactionTest" time="356.049" errors="0" timestamp="2023-09-26T16:26:59 IST" skipped="0">
  <testcase classname="testScript.AllTransactionTest" name="allTransactionRecent" time="36.967"/>
  <system-out/>
  <testcase classname="testScript.AllTransactionTest" name="allTransactionToday" time="8.296"/>
  <system-out/>
  <testcase classname="testScript.AllTransactionTest" name="allTransactionYesterday" time="8.400"/>
  <system-out/>
  <testcase classname="testScript.AllTransactionTest" name="allTransactionLast7Days" time="36.141"/>
  <system-out/>
  <testcase classname="testScript.AllTransactionTest" name="allTransactionLast30Days" time="101.376"/>
  <system-out/>
  <testcase classname="testScript.AllTransactionTest" name="allTransactionCustom" time="164.869"/>
  <system-out/>
</testsuite> <!-- testScript.AllTransactionTest -->
