<?xml version="1.0" encoding="UTF-8"?>
<!-- Generated by org.testng.reporters.JUnitReportReporter -->
<testsuite hostname="GURU" failures="0" tests="6" name="testScript.DebitTransactionTest" time="351.249" errors="0" timestamp="2023-11-16T10:49:09 IST" skipped="0">
  <testcase classname="testScript.DebitTransactionTest" name="DebitTransactionRecent" time="29.628"/>
  <system-out/>
  <testcase classname="testScript.DebitTransactionTest" name="DebitTransactionToday" time="8.965"/>
  <system-out/>
  <testcase classname="testScript.DebitTransactionTest" name="DebitTransactionYesterday" time="8.824"/>
  <system-out/>
  <testcase classname="testScript.DebitTransactionTest" name="DebitTransactionLast7Days" time="41.237"/>
  <system-out/>
  <testcase classname="testScript.DebitTransactionTest" name="DebitTransactionLast30Days" time="108.732"/>
  <system-out/>
  <testcase classname="testScript.DebitTransactionTest" name="DebitTransactionCustom" time="153.863"/>
  <system-out/>
</testsuite> <!-- testScript.DebitTransactionTest -->
