<?xml version="1.0" encoding="UTF-8"?>
<!-- Generated by org.testng.reporters.JUnitReportReporter -->
<testsuite hostname="GURU" failures="0" tests="6" name="testScript.DebitTransactionTest" time="200.830" errors="0" timestamp="2023-09-26T16:31:51 IST" skipped="0">
  <testcase classname="testScript.DebitTransactionTest" name="DebitTransactionRecent" time="30.797"/>
  <system-out/>
  <testcase classname="testScript.DebitTransactionTest" name="DebitTransactionToday" time="8.317"/>
  <system-out/>
  <testcase classname="testScript.DebitTransactionTest" name="DebitTransactionYesterday" time="8.647"/>
  <system-out/>
  <testcase classname="testScript.DebitTransactionTest" name="DebitTransactionLast7Days" time="19.685"/>
  <system-out/>
  <testcase classname="testScript.DebitTransactionTest" name="DebitTransactionLast30Days" time="58.168"/>
  <system-out/>
  <testcase classname="testScript.DebitTransactionTest" name="DebitTransactionCustom" time="75.216"/>
  <system-out/>
</testsuite> <!-- testScript.DebitTransactionTest -->
