<?xml version="1.0" encoding="UTF-8"?>
<!-- Generated by org.testng.reporters.JUnitReportReporter -->
<testsuite hostname="GURU" failures="0" tests="6" name="testScript.CreditTransactionTest" time="132.726" errors="0" timestamp="2023-09-26T16:35:15 IST" skipped="0">
  <testcase classname="testScript.CreditTransactionTest" name="creditTransactionRecent" time="26.870"/>
  <system-out/>
  <testcase classname="testScript.CreditTransactionTest" name="creditTransactionToday" time="9.732"/>
  <system-out/>
  <testcase classname="testScript.CreditTransactionTest" name="creditTransactionYesterday" time="10.043"/>
  <system-out/>
  <testcase classname="testScript.CreditTransactionTest" name="creditTransactionLast7Days" time="13.474"/>
  <system-out/>
  <testcase classname="testScript.CreditTransactionTest" name="creditTransactionLast30Days" time="18.430"/>
  <system-out/>
  <testcase classname="testScript.CreditTransactionTest" name="creditTransactionCustom" time="54.177"/>
  <system-out/>
</testsuite> <!-- testScript.CreditTransactionTest -->
